PIF
 breakfast 31
lil_tweet 28
; 21
IDENTIFIER 13
register 37
; 21
IDENTIFIER 13
you_egg 27
same 33
IDENTIFIER 13
CONST 18
break_an_egg 30
; 21
CONST 18
you_egg 27
! 14
same 33
IDENTIFIER 13
CONST 19
divisible 34
IDENTIFIER 13
CONST 19
break_an_egg 30
; 21
CONST 18
step_by_step 26
lil_tweet 28
IDENTIFIER 7
CONST 20
IDENTIFIER 7
* 4
IDENTIFIER 7
< 7
IDENTIFIER 13
/ 5
CONST 19
CONST 19
you_egg 27
divisible 34
IDENTIFIER 13
IDENTIFIER 7
break_an_egg 30
; 21
CONST 18
break_an_egg 30
; 21
CONST 17
breakfast_done 32

